# JRE version: OpenJDK Runtime Environment 18.9 (11.0.14.1+1) (build 11.0.14.1+1)
# Java VM: OpenJDK 64-Bit Server VM 18.9 (11.0.14.1+1, mixed mode, tiered, compressed oops, g1 gc, windows-amd64)
Heap:
 garbage-first heap   total 110592K, used 81606K [0x00000000c2000000, 0x0000000100000000)
  region size 1024K, 28 young (28672K), 3 survivors (3072K)
 Metaspace       used 54414K, capacity 54941K, committed 55168K, reserved 1097728K
  class space    used 6054K, capacity 6244K, committed 6272K, reserved 1048576K
GC Heap History (20 events):
Event: 7.934 GC heap before
{Heap before GC invocations=6 (full 0):
 garbage-first heap   total 76800K, used 44755K [0x00000000c2000000, 0x0000000100000000)
  region size 1024K, 29 young (29696K), 3 survivors (3072K)
 Metaspace       used 35436K, capacity 35709K, committed 35840K, reserved 1081344K
  class space    used 4177K, capacity 4288K, committed 4352K, reserved 1048576K
}
Event: 7.951 GC heap after
{Heap after GC invocations=7 (full 0):
 garbage-first heap   total 76800K, used 21506K [0x00000000c2000000, 0x0000000100000000)
  region size 1024K, 4 young (4096K), 4 survivors (4096K)
 Metaspace       used 35436K, capacity 35709K, committed 35840K, reserved 1081344K
  class space    used 4177K, capacity 4288K, committed 4352K, reserved 1048576K
}
Event: 7.964 GC heap before
{Heap before GC invocations=7 (full 0):
 garbage-first heap   total 76800K, used 21506K [0x00000000c2000000, 0x0000000100000000)
  region size 1024K, 5 young (5120K), 4 survivors (4096K)
 Metaspace       used 35539K, capacity 35805K, committed 35840K, reserved 1081344K
  class space    used 4190K, capacity 4320K, committed 4352K, reserved 1048576K
}
Event: 7.978 GC heap after
{Heap after GC invocations=8 (full 0):
 garbage-first heap   total 76800K, used 22072K [0x00000000c2000000, 0x0000000100000000)
  region size 1024K, 1 young (1024K), 1 survivors (1024K)
 Metaspace       used 35539K, capacity 35805K, committed 35840K, reserved 1081344K
  class space    used 4190K, capacity 4320K, committed 4352K, reserved 1048576K
}
Event: 9.786 GC heap before
{Heap before GC invocations=9 (full 0):
 garbage-first heap   total 76800K, used 49720K [0x00000000c2000000, 0x0000000100000000)
  region size 1024K, 28 young (28672K), 1 survivors (1024K)
 Metaspace       used 41845K, capacity 42159K, committed 42240K, reserved 1087488K
  class space    used 4946K, capacity 5086K, committed 5120K, reserved 1048576K
}
Event: 9.802 GC heap after
{Heap after GC invocations=10 (full 0):
 garbage-first heap   total 76800K, used 25419K [0x00000000c2000000, 0x0000000100000000)
  region size 1024K, 4 young (4096K), 4 survivors (4096K)
 Metaspace       used 41845K, capacity 42159K, committed 42240K, reserved 1087488K
  class space    used 4946K, capacity 5086K, committed 5120K, reserved 1048576K
}
Event: 10.613 GC heap before
{Heap before GC invocations=10 (full 0):
 garbage-first heap   total 76800K, used 54091K [0x00000000c2000000, 0x0000000100000000)
  region size 1024K, 31 young (31744K), 4 survivors (4096K)
 Metaspace       used 45144K, capacity 45594K, committed 45696K, reserved 1089536K
  class space    used 5270K, capacity 5432K, committed 5504K, reserved 1048576K
}
Event: 10.635 GC heap after
{Heap after GC invocations=11 (full 0):
 garbage-first heap   total 92160K, used 30705K [0x00000000c2000000, 0x0000000100000000)
  region size 1024K, 4 young (4096K), 4 survivors (4096K)
 Metaspace       used 45144K, capacity 45594K, committed 45696K, reserved 1089536K
  class space    used 5270K, capacity 5432K, committed 5504K, reserved 1048576K
}
Event: 11.178 GC heap before
{Heap before GC invocations=11 (full 0):
 garbage-first heap   total 92160K, used 61425K [0x00000000c2000000, 0x0000000100000000)
  region size 1024K, 34 young (34816K), 4 survivors (4096K)
 Metaspace       used 46049K, capacity 46483K, committed 46720K, reserved 1091584K
  class space    used 5312K, capacity 5468K, committed 5504K, reserved 1048576K
}
Event: 11.199 GC heap after
{Heap after GC invocations=12 (full 0):
 garbage-first heap   total 92160K, used 33792K [0x00000000c2000000, 0x0000000100000000)
  region size 1024K, 3 young (3072K), 3 survivors (3072K)
 Metaspace       used 46049K, capacity 46483K, committed 46720K, reserved 1091584K
  class space    used 5312K, capacity 5468K, committed 5504K, reserved 1048576K
}
Event: 13.030 GC heap before
{Heap before GC invocations=12 (full 0):
 garbage-first heap   total 92160K, used 64512K [0x00000000c2000000, 0x0000000100000000)
  region size 1024K, 33 young (33792K), 3 survivors (3072K)
 Metaspace       used 49491K, capacity 49936K, committed 50048K, reserved 1093632K
  class space    used 5565K, capacity 5749K, committed 5760K, reserved 1048576K
}
Event: 13.063 GC heap after
{Heap after GC invocations=13 (full 0):
 garbage-first heap   total 92160K, used 39301K [0x00000000c2000000, 0x0000000100000000)
  region size 1024K, 5 young (5120K), 5 survivors (5120K)
 Metaspace       used 49491K, capacity 49936K, committed 50048K, reserved 1093632K
  class space    used 5565K, capacity 5749K, committed 5760K, reserved 1048576K
}
Event: 13.753 GC heap before
{Heap before GC invocations=13 (full 0):
 garbage-first heap   total 92160K, used 67973K [0x00000000c2000000, 0x0000000100000000)
  region size 1024K, 33 young (33792K), 5 survivors (5120K)
 Metaspace       used 49816K, capacity 50331K, committed 50560K, reserved 1093632K
  class space    used 5572K, capacity 5753K, committed 5760K, reserved 1048576K
}
Event: 13.802 GC heap after
{Heap after GC invocations=14 (full 0):
 garbage-first heap   total 92160K, used 44560K [0x00000000c2000000, 0x0000000100000000)
  region size 1024K, 5 young (5120K), 5 survivors (5120K)
 Metaspace       used 49816K, capacity 50331K, committed 50560K, reserved 1093632K
  class space    used 5572K, capacity 5753K, committed 5760K, reserved 1048576K
}
Event: 14.706 GC heap before
{Heap before GC invocations=14 (full 0):
 garbage-first heap   total 92160K, used 70160K [0x00000000c2000000, 0x0000000100000000)
  region size 1024K, 30 young (30720K), 5 survivors (5120K)
 Metaspace       used 50496K, capacity 50985K, committed 51200K, reserved 1095680K
  class space    used 5646K, capacity 5822K, committed 5888K, reserved 1048576K
}
Event: 14.745 GC heap after
{Heap after GC invocations=15 (full 0):
 garbage-first heap   total 110592K, used 49039K [0x00000000c2000000, 0x0000000100000000)
  region size 1024K, 4 young (4096K), 4 survivors (4096K)
 Metaspace       used 50496K, capacity 50985K, committed 51200K, reserved 1095680K
  class space    used 5646K, capacity 5822K, committed 5888K, reserved 1048576K
}
Event: 16.056 GC heap before
{Heap before GC invocations=15 (full 0):
 garbage-first heap   total 110592K, used 79759K [0x00000000c2000000, 0x0000000100000000)
  region size 1024K, 34 young (34816K), 4 survivors (4096K)
 Metaspace       used 51132K, capacity 51625K, committed 51712K, reserved 1095680K
  class space    used 5720K, capacity 5886K, committed 5888K, reserved 1048576K
}
Event: 16.105 GC heap after
{Heap after GC invocations=16 (full 0):
 garbage-first heap   total 110592K, used 54019K [0x00000000c2000000, 0x0000000100000000)
  region size 1024K, 5 young (5120K), 5 survivors (5120K)
 Metaspace       used 51132K, capacity 51625K, committed 51712K, reserved 1095680K
  class space    used 5720K, capacity 5886K, committed 5888K, reserved 1048576K
}
Event: 16.929 GC heap before
{Heap before GC invocations=16 (full 0):
 garbage-first heap   total 110592K, used 82691K [0x00000000c2000000, 0x0000000100000000)
  region size 1024K, 33 young (33792K), 5 survivors (5120K)
 Metaspace       used 51582K, capacity 52059K, committed 52352K, reserved 1095680K
  class space    used 5758K, capacity 5924K, committed 6016K, reserved 1048576K
}
Event: 16.958 GC heap after
{Heap after GC invocations=17 (full 0):
 garbage-first heap   total 110592K, used 57030K [0x00000000c2000000, 0x0000000100000000)
  region size 1024K, 3 young (3072K), 3 survivors (3072K)
 Metaspace       used 51582K, capacity 52059K, committed 52352K, reserved 1095680K
  class space    used 5758K, capacity 5924K, committed 6016K, reserved 1048576K
}

